<?xml version="1.0" encoding="UTF-8"?>
<testsuite xmlns:xsi="http://www.w3.org/2001/XMLSchema-instance" xsi:noNamespaceSchemaLocation="https://maven.apache.org/surefire/maven-surefire-plugin/xsd/surefire-test-report.xsd" name="com.expense.controller.ExpenseControllerTest" time="0.275" tests="2" errors="0" skipped="0" failures="1">
  <properties>
    <property name="java.specification.version" value="17"/>
    <property name="sun.jnu.encoding" value="UTF-8"/>
    <property name="java.class.path" value="/Users/gabriela.angeles/Documents/Github/DevopsCurso/verity-devops-ex/target/test-classes:/Users/gabriela.angeles/Documents/Github/DevopsCurso/verity-devops-ex/target/classes:/Users/gabriela.angeles/.m2/repository/org/springframework/boot/spring-boot-starter/2.1.3.RELEASE/spring-boot-starter-2.1.3.RELEASE.jar:/Users/gabriela.angeles/.m2/repository/org/springframework/boot/spring-boot/2.1.3.RELEASE/spring-boot-2.1.3.RELEASE.jar:/Users/gabriela.angeles/.m2/repository/org/springframework/spring-context/5.1.5.RELEASE/spring-context-5.1.5.RELEASE.jar:/Users/gabriela.angeles/.m2/repository/org/springframework/boot/spring-boot-autoconfigure/2.1.3.RELEASE/spring-boot-autoconfigure-2.1.3.RELEASE.jar:/Users/gabriela.angeles/.m2/repository/org/springframework/boot/spring-boot-starter-logging/2.1.3.RELEASE/spring-boot-starter-logging-2.1.3.RELEASE.jar:/Users/gabriela.angeles/.m2/repository/ch/qos/logback/logback-classic/1.2.3/logback-classic-1.2.3.jar:/Users/gabriela.angeles/.m2/repository/ch/qos/logback/logback-core/1.2.3/logback-core-1.2.3.jar:/Users/gabriela.angeles/.m2/repository/org/apache/logging/log4j/log4j-to-slf4j/2.11.2/log4j-to-slf4j-2.11.2.jar:/Users/gabriela.angeles/.m2/repository/org/apache/logging/log4j/log4j-api/2.11.2/log4j-api-2.11.2.jar:/Users/gabriela.angeles/.m2/repository/org/slf4j/jul-to-slf4j/1.7.25/jul-to-slf4j-1.7.25.jar:/Users/gabriela.angeles/.m2/repository/javax/annotation/javax.annotation-api/1.3.2/javax.annotation-api-1.3.2.jar:/Users/gabriela.angeles/.m2/repository/org/springframework/spring-core/5.1.5.RELEASE/spring-core-5.1.5.RELEASE.jar:/Users/gabriela.angeles/.m2/repository/org/springframework/spring-jcl/5.1.5.RELEASE/spring-jcl-5.1.5.RELEASE.jar:/Users/gabriela.angeles/.m2/repository/org/yaml/snakeyaml/1.23/snakeyaml-1.23.jar:/Users/gabriela.angeles/.m2/repository/org/springframework/boot/spring-boot-starter-test/2.1.3.RELEASE/spring-boot-starter-test-2.1.3.RELEASE.jar:/Users/gabriela.angeles/.m2/repository/org/springframework/boot/spring-boot-test/2.1.3.RELEASE/spring-boot-test-2.1.3.RELEASE.jar:/Users/gabriela.angeles/.m2/repository/org/springframework/boot/spring-boot-test-autoconfigure/2.1.3.RELEASE/spring-boot-test-autoconfigure-2.1.3.RELEASE.jar:/Users/gabriela.angeles/.m2/repository/com/jayway/jsonpath/json-path/2.4.0/json-path-2.4.0.jar:/Users/gabriela.angeles/.m2/repository/net/minidev/json-smart/2.3/json-smart-2.3.jar:/Users/gabriela.angeles/.m2/repository/net/minidev/accessors-smart/1.2/accessors-smart-1.2.jar:/Users/gabriela.angeles/.m2/repository/org/ow2/asm/asm/5.0.4/asm-5.0.4.jar:/Users/gabriela.angeles/.m2/repository/org/slf4j/slf4j-api/1.7.25/slf4j-api-1.7.25.jar:/Users/gabriela.angeles/.m2/repository/junit/junit/4.12/junit-4.12.jar:/Users/gabriela.angeles/.m2/repository/org/assertj/assertj-core/3.11.1/assertj-core-3.11.1.jar:/Users/gabriela.angeles/.m2/repository/org/hamcrest/hamcrest-core/1.3/hamcrest-core-1.3.jar:/Users/gabriela.angeles/.m2/repository/org/skyscreamer/jsonassert/1.5.0/jsonassert-1.5.0.jar:/Users/gabriela.angeles/.m2/repository/com/vaadin/external/google/android-json/0.0.20131108.vaadin1/android-json-0.0.20131108.vaadin1.jar:/Users/gabriela.angeles/.m2/repository/org/springframework/spring-test/5.1.5.RELEASE/spring-test-5.1.5.RELEASE.jar:/Users/gabriela.angeles/.m2/repository/org/xmlunit/xmlunit-core/2.6.2/xmlunit-core-2.6.2.jar:/Users/gabriela.angeles/.m2/repository/org/springframework/boot/spring-boot-starter-web/2.1.3.RELEASE/spring-boot-starter-web-2.1.3.RELEASE.jar:/Users/gabriela.angeles/.m2/repository/org/springframework/boot/spring-boot-starter-json/2.1.3.RELEASE/spring-boot-starter-json-2.1.3.RELEASE.jar:/Users/gabriela.angeles/.m2/repository/com/fasterxml/jackson/core/jackson-databind/2.9.8/jackson-databind-2.9.8.jar:/Users/gabriela.angeles/.m2/repository/com/fasterxml/jackson/core/jackson-annotations/2.9.0/jackson-annotations-2.9.0.jar:/Users/gabriela.angeles/.m2/repository/com/fasterxml/jackson/core/jackson-core/2.9.8/jackson-core-2.9.8.jar:/Users/gabriela.angeles/.m2/repository/com/fasterxml/jackson/datatype/jackson-datatype-jdk8/2.9.8/jackson-datatype-jdk8-2.9.8.jar:/Users/gabriela.angeles/.m2/repository/com/fasterxml/jackson/datatype/jackson-datatype-jsr310/2.9.8/jackson-datatype-jsr310-2.9.8.jar:/Users/gabriela.angeles/.m2/repository/com/fasterxml/jackson/module/jackson-module-parameter-names/2.9.8/jackson-module-parameter-names-2.9.8.jar:/Users/gabriela.angeles/.m2/repository/org/springframework/boot/spring-boot-starter-tomcat/2.1.3.RELEASE/spring-boot-starter-tomcat-2.1.3.RELEASE.jar:/Users/gabriela.angeles/.m2/repository/org/apache/tomcat/embed/tomcat-embed-websocket/9.0.16/tomcat-embed-websocket-9.0.16.jar:/Users/gabriela.angeles/.m2/repository/org/hibernate/validator/hibernate-validator/6.0.14.Final/hibernate-validator-6.0.14.Final.jar:/Users/gabriela.angeles/.m2/repository/javax/validation/validation-api/2.0.1.Final/validation-api-2.0.1.Final.jar:/Users/gabriela.angeles/.m2/repository/org/jboss/logging/jboss-logging/3.3.2.Final/jboss-logging-3.3.2.Final.jar:/Users/gabriela.angeles/.m2/repository/com/fasterxml/classmate/1.4.0/classmate-1.4.0.jar:/Users/gabriela.angeles/.m2/repository/org/springframework/spring-web/5.1.5.RELEASE/spring-web-5.1.5.RELEASE.jar:/Users/gabriela.angeles/.m2/repository/org/springframework/spring-beans/5.1.5.RELEASE/spring-beans-5.1.5.RELEASE.jar:/Users/gabriela.angeles/.m2/repository/org/springframework/spring-webmvc/5.1.5.RELEASE/spring-webmvc-5.1.5.RELEASE.jar:/Users/gabriela.angeles/.m2/repository/org/springframework/spring-expression/5.1.5.RELEASE/spring-expression-5.1.5.RELEASE.jar:/Users/gabriela.angeles/.m2/repository/org/apache/tomcat/embed/tomcat-embed-jasper/9.0.16/tomcat-embed-jasper-9.0.16.jar:/Users/gabriela.angeles/.m2/repository/org/apache/tomcat/embed/tomcat-embed-core/9.0.16/tomcat-embed-core-9.0.16.jar:/Users/gabriela.angeles/.m2/repository/org/apache/tomcat/tomcat-annotations-api/9.0.16/tomcat-annotations-api-9.0.16.jar:/Users/gabriela.angeles/.m2/repository/org/apache/tomcat/embed/tomcat-embed-el/9.0.16/tomcat-embed-el-9.0.16.jar:/Users/gabriela.angeles/.m2/repository/org/eclipse/jdt/ecj/3.15.0/ecj-3.15.0.jar:/Users/gabriela.angeles/.m2/repository/org/springframework/boot/spring-boot-starter-data-jpa/2.1.3.RELEASE/spring-boot-starter-data-jpa-2.1.3.RELEASE.jar:/Users/gabriela.angeles/.m2/repository/org/springframework/boot/spring-boot-starter-aop/2.1.3.RELEASE/spring-boot-starter-aop-2.1.3.RELEASE.jar:/Users/gabriela.angeles/.m2/repository/org/aspectj/aspectjweaver/1.9.2/aspectjweaver-1.9.2.jar:/Users/gabriela.angeles/.m2/repository/org/springframework/boot/spring-boot-starter-jdbc/2.1.3.RELEASE/spring-boot-starter-jdbc-2.1.3.RELEASE.jar:/Users/gabriela.angeles/.m2/repository/com/zaxxer/HikariCP/3.2.0/HikariCP-3.2.0.jar:/Users/gabriela.angeles/.m2/repository/org/springframework/spring-jdbc/5.1.5.RELEASE/spring-jdbc-5.1.5.RELEASE.jar:/Users/gabriela.angeles/.m2/repository/javax/transaction/javax.transaction-api/1.3/javax.transaction-api-1.3.jar:/Users/gabriela.angeles/.m2/repository/javax/xml/bind/jaxb-api/2.3.1/jaxb-api-2.3.1.jar:/Users/gabriela.angeles/.m2/repository/javax/activation/javax.activation-api/1.2.0/javax.activation-api-1.2.0.jar:/Users/gabriela.angeles/.m2/repository/org/hibernate/hibernate-core/5.3.7.Final/hibernate-core-5.3.7.Final.jar:/Users/gabriela.angeles/.m2/repository/javax/persistence/javax.persistence-api/2.2/javax.persistence-api-2.2.jar:/Users/gabriela.angeles/.m2/repository/org/javassist/javassist/3.23.1-GA/javassist-3.23.1-GA.jar:/Users/gabriela.angeles/.m2/repository/antlr/antlr/2.7.7/antlr-2.7.7.jar:/Users/gabriela.angeles/.m2/repository/org/jboss/jandex/2.0.5.Final/jandex-2.0.5.Final.jar:/Users/gabriela.angeles/.m2/repository/org/dom4j/dom4j/2.1.1/dom4j-2.1.1.jar:/Users/gabriela.angeles/.m2/repository/org/hibernate/common/hibernate-commons-annotations/5.0.4.Final/hibernate-commons-annotations-5.0.4.Final.jar:/Users/gabriela.angeles/.m2/repository/org/springframework/data/spring-data-jpa/2.1.5.RELEASE/spring-data-jpa-2.1.5.RELEASE.jar:/Users/gabriela.angeles/.m2/repository/org/springframework/data/spring-data-commons/2.1.5.RELEASE/spring-data-commons-2.1.5.RELEASE.jar:/Users/gabriela.angeles/.m2/repository/org/springframework/spring-orm/5.1.5.RELEASE/spring-orm-5.1.5.RELEASE.jar:/Users/gabriela.angeles/.m2/repository/org/springframework/spring-tx/5.1.5.RELEASE/spring-tx-5.1.5.RELEASE.jar:/Users/gabriela.angeles/.m2/repository/org/springframework/spring-aspects/5.1.5.RELEASE/spring-aspects-5.1.5.RELEASE.jar:/Users/gabriela.angeles/.m2/repository/com/h2database/h2/1.4.197/h2-1.4.197.jar:/Users/gabriela.angeles/.m2/repository/org/mockito/mockito-core/2.23.4/mockito-core-2.23.4.jar:/Users/gabriela.angeles/.m2/repository/net/bytebuddy/byte-buddy/1.9.10/byte-buddy-1.9.10.jar:/Users/gabriela.angeles/.m2/repository/net/bytebuddy/byte-buddy-agent/1.9.10/byte-buddy-agent-1.9.10.jar:/Users/gabriela.angeles/.m2/repository/org/objenesis/objenesis/2.6/objenesis-2.6.jar:/Users/gabriela.angeles/.m2/repository/javax/servlet/jstl/1.2/jstl-1.2.jar:/Users/gabriela.angeles/.m2/repository/org/springframework/boot/spring-boot-starter-security/2.1.3.RELEASE/spring-boot-starter-security-2.1.3.RELEASE.jar:/Users/gabriela.angeles/.m2/repository/org/springframework/spring-aop/5.1.5.RELEASE/spring-aop-5.1.5.RELEASE.jar:/Users/gabriela.angeles/.m2/repository/org/springframework/security/spring-security-config/5.1.4.RELEASE/spring-security-config-5.1.4.RELEASE.jar:/Users/gabriela.angeles/.m2/repository/org/springframework/security/spring-security-web/5.1.4.RELEASE/spring-security-web-5.1.4.RELEASE.jar:/Users/gabriela.angeles/.m2/repository/org/modelmapper/modelmapper/2.3.2/modelmapper-2.3.2.jar:/Users/gabriela.angeles/.m2/repository/org/springframework/security/spring-security-test/5.1.4.RELEASE/spring-security-test-5.1.4.RELEASE.jar:/Users/gabriela.angeles/.m2/repository/org/springframework/security/spring-security-core/5.1.4.RELEASE/spring-security-core-5.1.4.RELEASE.jar:/Users/gabriela.angeles/.m2/repository/org/hamcrest/hamcrest-library/1.3/hamcrest-library-1.3.jar:"/>
    <property name="java.vm.vendor" value="Oracle Corporation"/>
    <property name="sun.arch.data.model" value="64"/>
    <property name="java.vendor.url" value="https://java.oracle.com/"/>
    <property name="os.name" value="Mac OS X"/>
    <property name="java.vm.specification.version" value="17"/>
    <property name="sun.java.launcher" value="SUN_STANDARD"/>
    <property name="user.country" value="419"/>
    <property name="sun.boot.library.path" value="/Library/Java/JavaVirtualMachines/jdk-17.jdk/Contents/Home/lib"/>
    <property name="sun.java.command" value="/Users/gabriela.angeles/Documents/Github/DevopsCurso/verity-devops-ex/target/surefire/surefirebooter12611657709415075941.jar /Users/gabriela.angeles/Documents/Github/DevopsCurso/verity-devops-ex/target/surefire 2024-07-15T21-29-08_486-jvmRun1 surefire6031547537260281546tmp surefire_08782585553257398594tmp"/>
    <property name="http.nonProxyHosts" value="local|*.local|169.254/16|*.169.254/16"/>
    <property name="jdk.debug" value="release"/>
    <property name="surefire.test.class.path" value="/Users/gabriela.angeles/Documents/Github/DevopsCurso/verity-devops-ex/target/test-classes:/Users/gabriela.angeles/Documents/Github/DevopsCurso/verity-devops-ex/target/classes:/Users/gabriela.angeles/.m2/repository/org/springframework/boot/spring-boot-starter/2.1.3.RELEASE/spring-boot-starter-2.1.3.RELEASE.jar:/Users/gabriela.angeles/.m2/repository/org/springframework/boot/spring-boot/2.1.3.RELEASE/spring-boot-2.1.3.RELEASE.jar:/Users/gabriela.angeles/.m2/repository/org/springframework/spring-context/5.1.5.RELEASE/spring-context-5.1.5.RELEASE.jar:/Users/gabriela.angeles/.m2/repository/org/springframework/boot/spring-boot-autoconfigure/2.1.3.RELEASE/spring-boot-autoconfigure-2.1.3.RELEASE.jar:/Users/gabriela.angeles/.m2/repository/org/springframework/boot/spring-boot-starter-logging/2.1.3.RELEASE/spring-boot-starter-logging-2.1.3.RELEASE.jar:/Users/gabriela.angeles/.m2/repository/ch/qos/logback/logback-classic/1.2.3/logback-classic-1.2.3.jar:/Users/gabriela.angeles/.m2/repository/ch/qos/logback/logback-core/1.2.3/logback-core-1.2.3.jar:/Users/gabriela.angeles/.m2/repository/org/apache/logging/log4j/log4j-to-slf4j/2.11.2/log4j-to-slf4j-2.11.2.jar:/Users/gabriela.angeles/.m2/repository/org/apache/logging/log4j/log4j-api/2.11.2/log4j-api-2.11.2.jar:/Users/gabriela.angeles/.m2/repository/org/slf4j/jul-to-slf4j/1.7.25/jul-to-slf4j-1.7.25.jar:/Users/gabriela.angeles/.m2/repository/javax/annotation/javax.annotation-api/1.3.2/javax.annotation-api-1.3.2.jar:/Users/gabriela.angeles/.m2/repository/org/springframework/spring-core/5.1.5.RELEASE/spring-core-5.1.5.RELEASE.jar:/Users/gabriela.angeles/.m2/repository/org/springframework/spring-jcl/5.1.5.RELEASE/spring-jcl-5.1.5.RELEASE.jar:/Users/gabriela.angeles/.m2/repository/org/yaml/snakeyaml/1.23/snakeyaml-1.23.jar:/Users/gabriela.angeles/.m2/repository/org/springframework/boot/spring-boot-starter-test/2.1.3.RELEASE/spring-boot-starter-test-2.1.3.RELEASE.jar:/Users/gabriela.angeles/.m2/repository/org/springframework/boot/spring-boot-test/2.1.3.RELEASE/spring-boot-test-2.1.3.RELEASE.jar:/Users/gabriela.angeles/.m2/repository/org/springframework/boot/spring-boot-test-autoconfigure/2.1.3.RELEASE/spring-boot-test-autoconfigure-2.1.3.RELEASE.jar:/Users/gabriela.angeles/.m2/repository/com/jayway/jsonpath/json-path/2.4.0/json-path-2.4.0.jar:/Users/gabriela.angeles/.m2/repository/net/minidev/json-smart/2.3/json-smart-2.3.jar:/Users/gabriela.angeles/.m2/repository/net/minidev/accessors-smart/1.2/accessors-smart-1.2.jar:/Users/gabriela.angeles/.m2/repository/org/ow2/asm/asm/5.0.4/asm-5.0.4.jar:/Users/gabriela.angeles/.m2/repository/org/slf4j/slf4j-api/1.7.25/slf4j-api-1.7.25.jar:/Users/gabriela.angeles/.m2/repository/junit/junit/4.12/junit-4.12.jar:/Users/gabriela.angeles/.m2/repository/org/assertj/assertj-core/3.11.1/assertj-core-3.11.1.jar:/Users/gabriela.angeles/.m2/repository/org/hamcrest/hamcrest-core/1.3/hamcrest-core-1.3.jar:/Users/gabriela.angeles/.m2/repository/org/skyscreamer/jsonassert/1.5.0/jsonassert-1.5.0.jar:/Users/gabriela.angeles/.m2/repository/com/vaadin/external/google/android-json/0.0.20131108.vaadin1/android-json-0.0.20131108.vaadin1.jar:/Users/gabriela.angeles/.m2/repository/org/springframework/spring-test/5.1.5.RELEASE/spring-test-5.1.5.RELEASE.jar:/Users/gabriela.angeles/.m2/repository/org/xmlunit/xmlunit-core/2.6.2/xmlunit-core-2.6.2.jar:/Users/gabriela.angeles/.m2/repository/org/springframework/boot/spring-boot-starter-web/2.1.3.RELEASE/spring-boot-starter-web-2.1.3.RELEASE.jar:/Users/gabriela.angeles/.m2/repository/org/springframework/boot/spring-boot-starter-json/2.1.3.RELEASE/spring-boot-starter-json-2.1.3.RELEASE.jar:/Users/gabriela.angeles/.m2/repository/com/fasterxml/jackson/core/jackson-databind/2.9.8/jackson-databind-2.9.8.jar:/Users/gabriela.angeles/.m2/repository/com/fasterxml/jackson/core/jackson-annotations/2.9.0/jackson-annotations-2.9.0.jar:/Users/gabriela.angeles/.m2/repository/com/fasterxml/jackson/core/jackson-core/2.9.8/jackson-core-2.9.8.jar:/Users/gabriela.angeles/.m2/repository/com/fasterxml/jackson/datatype/jackson-datatype-jdk8/2.9.8/jackson-datatype-jdk8-2.9.8.jar:/Users/gabriela.angeles/.m2/repository/com/fasterxml/jackson/datatype/jackson-datatype-jsr310/2.9.8/jackson-datatype-jsr310-2.9.8.jar:/Users/gabriela.angeles/.m2/repository/com/fasterxml/jackson/module/jackson-module-parameter-names/2.9.8/jackson-module-parameter-names-2.9.8.jar:/Users/gabriela.angeles/.m2/repository/org/springframework/boot/spring-boot-starter-tomcat/2.1.3.RELEASE/spring-boot-starter-tomcat-2.1.3.RELEASE.jar:/Users/gabriela.angeles/.m2/repository/org/apache/tomcat/embed/tomcat-embed-websocket/9.0.16/tomcat-embed-websocket-9.0.16.jar:/Users/gabriela.angeles/.m2/repository/org/hibernate/validator/hibernate-validator/6.0.14.Final/hibernate-validator-6.0.14.Final.jar:/Users/gabriela.angeles/.m2/repository/javax/validation/validation-api/2.0.1.Final/validation-api-2.0.1.Final.jar:/Users/gabriela.angeles/.m2/repository/org/jboss/logging/jboss-logging/3.3.2.Final/jboss-logging-3.3.2.Final.jar:/Users/gabriela.angeles/.m2/repository/com/fasterxml/classmate/1.4.0/classmate-1.4.0.jar:/Users/gabriela.angeles/.m2/repository/org/springframework/spring-web/5.1.5.RELEASE/spring-web-5.1.5.RELEASE.jar:/Users/gabriela.angeles/.m2/repository/org/springframework/spring-beans/5.1.5.RELEASE/spring-beans-5.1.5.RELEASE.jar:/Users/gabriela.angeles/.m2/repository/org/springframework/spring-webmvc/5.1.5.RELEASE/spring-webmvc-5.1.5.RELEASE.jar:/Users/gabriela.angeles/.m2/repository/org/springframework/spring-expression/5.1.5.RELEASE/spring-expression-5.1.5.RELEASE.jar:/Users/gabriela.angeles/.m2/repository/org/apache/tomcat/embed/tomcat-embed-jasper/9.0.16/tomcat-embed-jasper-9.0.16.jar:/Users/gabriela.angeles/.m2/repository/org/apache/tomcat/embed/tomcat-embed-core/9.0.16/tomcat-embed-core-9.0.16.jar:/Users/gabriela.angeles/.m2/repository/org/apache/tomcat/tomcat-annotations-api/9.0.16/tomcat-annotations-api-9.0.16.jar:/Users/gabriela.angeles/.m2/repository/org/apache/tomcat/embed/tomcat-embed-el/9.0.16/tomcat-embed-el-9.0.16.jar:/Users/gabriela.angeles/.m2/repository/org/eclipse/jdt/ecj/3.15.0/ecj-3.15.0.jar:/Users/gabriela.angeles/.m2/repository/org/springframework/boot/spring-boot-starter-data-jpa/2.1.3.RELEASE/spring-boot-starter-data-jpa-2.1.3.RELEASE.jar:/Users/gabriela.angeles/.m2/repository/org/springframework/boot/spring-boot-starter-aop/2.1.3.RELEASE/spring-boot-starter-aop-2.1.3.RELEASE.jar:/Users/gabriela.angeles/.m2/repository/org/aspectj/aspectjweaver/1.9.2/aspectjweaver-1.9.2.jar:/Users/gabriela.angeles/.m2/repository/org/springframework/boot/spring-boot-starter-jdbc/2.1.3.RELEASE/spring-boot-starter-jdbc-2.1.3.RELEASE.jar:/Users/gabriela.angeles/.m2/repository/com/zaxxer/HikariCP/3.2.0/HikariCP-3.2.0.jar:/Users/gabriela.angeles/.m2/repository/org/springframework/spring-jdbc/5.1.5.RELEASE/spring-jdbc-5.1.5.RELEASE.jar:/Users/gabriela.angeles/.m2/repository/javax/transaction/javax.transaction-api/1.3/javax.transaction-api-1.3.jar:/Users/gabriela.angeles/.m2/repository/javax/xml/bind/jaxb-api/2.3.1/jaxb-api-2.3.1.jar:/Users/gabriela.angeles/.m2/repository/javax/activation/javax.activation-api/1.2.0/javax.activation-api-1.2.0.jar:/Users/gabriela.angeles/.m2/repository/org/hibernate/hibernate-core/5.3.7.Final/hibernate-core-5.3.7.Final.jar:/Users/gabriela.angeles/.m2/repository/javax/persistence/javax.persistence-api/2.2/javax.persistence-api-2.2.jar:/Users/gabriela.angeles/.m2/repository/org/javassist/javassist/3.23.1-GA/javassist-3.23.1-GA.jar:/Users/gabriela.angeles/.m2/repository/antlr/antlr/2.7.7/antlr-2.7.7.jar:/Users/gabriela.angeles/.m2/repository/org/jboss/jandex/2.0.5.Final/jandex-2.0.5.Final.jar:/Users/gabriela.angeles/.m2/repository/org/dom4j/dom4j/2.1.1/dom4j-2.1.1.jar:/Users/gabriela.angeles/.m2/repository/org/hibernate/common/hibernate-commons-annotations/5.0.4.Final/hibernate-commons-annotations-5.0.4.Final.jar:/Users/gabriela.angeles/.m2/repository/org/springframework/data/spring-data-jpa/2.1.5.RELEASE/spring-data-jpa-2.1.5.RELEASE.jar:/Users/gabriela.angeles/.m2/repository/org/springframework/data/spring-data-commons/2.1.5.RELEASE/spring-data-commons-2.1.5.RELEASE.jar:/Users/gabriela.angeles/.m2/repository/org/springframework/spring-orm/5.1.5.RELEASE/spring-orm-5.1.5.RELEASE.jar:/Users/gabriela.angeles/.m2/repository/org/springframework/spring-tx/5.1.5.RELEASE/spring-tx-5.1.5.RELEASE.jar:/Users/gabriela.angeles/.m2/repository/org/springframework/spring-aspects/5.1.5.RELEASE/spring-aspects-5.1.5.RELEASE.jar:/Users/gabriela.angeles/.m2/repository/com/h2database/h2/1.4.197/h2-1.4.197.jar:/Users/gabriela.angeles/.m2/repository/org/mockito/mockito-core/2.23.4/mockito-core-2.23.4.jar:/Users/gabriela.angeles/.m2/repository/net/bytebuddy/byte-buddy/1.9.10/byte-buddy-1.9.10.jar:/Users/gabriela.angeles/.m2/repository/net/bytebuddy/byte-buddy-agent/1.9.10/byte-buddy-agent-1.9.10.jar:/Users/gabriela.angeles/.m2/repository/org/objenesis/objenesis/2.6/objenesis-2.6.jar:/Users/gabriela.angeles/.m2/repository/javax/servlet/jstl/1.2/jstl-1.2.jar:/Users/gabriela.angeles/.m2/repository/org/springframework/boot/spring-boot-starter-security/2.1.3.RELEASE/spring-boot-starter-security-2.1.3.RELEASE.jar:/Users/gabriela.angeles/.m2/repository/org/springframework/spring-aop/5.1.5.RELEASE/spring-aop-5.1.5.RELEASE.jar:/Users/gabriela.angeles/.m2/repository/org/springframework/security/spring-security-config/5.1.4.RELEASE/spring-security-config-5.1.4.RELEASE.jar:/Users/gabriela.angeles/.m2/repository/org/springframework/security/spring-security-web/5.1.4.RELEASE/spring-security-web-5.1.4.RELEASE.jar:/Users/gabriela.angeles/.m2/repository/org/modelmapper/modelmapper/2.3.2/modelmapper-2.3.2.jar:/Users/gabriela.angeles/.m2/repository/org/springframework/security/spring-security-test/5.1.4.RELEASE/spring-security-test-5.1.4.RELEASE.jar:/Users/gabriela.angeles/.m2/repository/org/springframework/security/spring-security-core/5.1.4.RELEASE/spring-security-core-5.1.4.RELEASE.jar:/Users/gabriela.angeles/.m2/repository/org/hamcrest/hamcrest-library/1.3/hamcrest-library-1.3.jar:"/>
    <property name="sun.cpu.endian" value="little"/>
    <property name="user.home" value="/Users/gabriela.angeles"/>
    <property name="user.language" value="es"/>
    <property name="java.specification.vendor" value="Oracle Corporation"/>
    <property name="java.version.date" value="2023-10-17"/>
    <property name="java.home" value="/Library/Java/JavaVirtualMachines/jdk-17.jdk/Contents/Home"/>
    <property name="file.separator" value="/"/>
    <property name="basedir" value="/Users/gabriela.angeles/Documents/Github/DevopsCurso/verity-devops-ex"/>
    <property name="java.vm.compressedOopsMode" value="Zero based"/>
    <property name="line.separator" value="&#10;"/>
    <property name="java.specification.name" value="Java Platform API Specification"/>
    <property name="java.vm.specification.vendor" value="Oracle Corporation"/>
    <property name="surefire.real.class.path" value="/Users/gabriela.angeles/Documents/Github/DevopsCurso/verity-devops-ex/target/surefire/surefirebooter12611657709415075941.jar"/>
    <property name="sun.management.compiler" value="HotSpot 64-Bit Tiered Compilers"/>
    <property name="ftp.nonProxyHosts" value="local|*.local|169.254/16|*.169.254/16"/>
    <property name="java.runtime.version" value="17.0.9+11-LTS-201"/>
    <property name="user.name" value="gabriela.angeles"/>
    <property name="path.separator" value=":"/>
    <property name="os.version" value="14.5"/>
    <property name="java.runtime.name" value="Java(TM) SE Runtime Environment"/>
    <property name="file.encoding" value="US-ASCII"/>
    <property name="java.vm.name" value="Java HotSpot(TM) 64-Bit Server VM"/>
    <property name="localRepository" value="/Users/gabriela.angeles/.m2/repository"/>
    <property name="java.vendor.url.bug" value="https://bugreport.java.com/bugreport/"/>
    <property name="java.io.tmpdir" value="/var/folders/bp/g89ktdxd0_b0kj582_kl57040000gn/T/"/>
    <property name="java.version" value="17.0.9"/>
    <property name="user.dir" value="/Users/gabriela.angeles/Documents/Github/DevopsCurso/verity-devops-ex"/>
    <property name="os.arch" value="x86_64"/>
    <property name="java.vm.specification.name" value="Java Virtual Machine Specification"/>
    <property name="native.encoding" value="US-ASCII"/>
    <property name="java.library.path" value="/Users/gabriela.angeles/Library/Java/Extensions:/Library/Java/Extensions:/Network/Library/Java/Extensions:/System/Library/Java/Extensions:/usr/lib/java:."/>
    <property name="java.vm.info" value="mixed mode, sharing"/>
    <property name="java.vendor" value="Oracle Corporation"/>
    <property name="java.vm.version" value="17.0.9+11-LTS-201"/>
    <property name="sun.io.unicode.encoding" value="UnicodeBig"/>
    <property name="socksNonProxyHosts" value="local|*.local|169.254/16|*.169.254/16"/>
    <property name="java.class.version" value="61.0"/>
  </properties>
  <testcase name="testDeleteExpense" classname="com.expense.controller.ExpenseControllerTest" time="0.139">
    <failure message="Model attribute &apos;expeseList&apos;&#10;Expected: a collection with size &lt;1&gt;&#10;     but: collection size was &lt;2&gt;" type="java.lang.AssertionError"><![CDATA[java.lang.AssertionError: 
Model attribute 'expeseList'
Expected: a collection with size <1>
     but: collection size was <2>
	at com.expense.controller.ExpenseControllerTest.testDeleteExpense(ExpenseControllerTest.java:73)
]]></failure>
    <system-out><![CDATA[2024-07-15 21:29:25.043  INFO 41714 --- [           main] .b.t.c.SpringBootTestContextBootstrapper : Neither @ContextConfiguration nor @ContextHierarchy found for test class [com.expense.controller.ExpenseControllerTest], using SpringBootContextLoader
2024-07-15 21:29:25.044  INFO 41714 --- [           main] o.s.t.c.support.AbstractContextLoader    : Could not detect default resource locations for test class [com.expense.controller.ExpenseControllerTest]: no resource found for suffixes {-context.xml, Context.groovy}.
2024-07-15 21:29:25.051  INFO 41714 --- [           main] .b.t.c.SpringBootTestContextBootstrapper : Loaded default TestExecutionListener class names from location [META-INF/spring.factories]: [org.springframework.boot.test.mock.mockito.MockitoTestExecutionListener, org.springframework.boot.test.mock.mockito.ResetMocksTestExecutionListener, org.springframework.boot.test.autoconfigure.restdocs.RestDocsTestExecutionListener, org.springframework.boot.test.autoconfigure.web.client.MockRestServiceServerResetTestExecutionListener, org.springframework.boot.test.autoconfigure.web.servlet.MockMvcPrintOnlyOnFailureTestExecutionListener, org.springframework.boot.test.autoconfigure.web.servlet.WebDriverTestExecutionListener, org.springframework.test.context.web.ServletTestExecutionListener, org.springframework.test.context.support.DirtiesContextBeforeModesTestExecutionListener, org.springframework.test.context.support.DependencyInjectionTestExecutionListener, org.springframework.test.context.support.DirtiesContextTestExecutionListener, org.springframework.test.context.transaction.TransactionalTestExecutionListener, org.springframework.test.context.jdbc.SqlScriptsTestExecutionListener, org.springframework.security.test.context.support.WithSecurityContextTestExecutionListener, org.springframework.security.test.context.support.ReactorContextTestExecutionListener]
2024-07-15 21:29:25.052  INFO 41714 --- [           main] .b.t.c.SpringBootTestContextBootstrapper : Using TestExecutionListeners: [org.springframework.test.context.web.ServletTestExecutionListener@1a6b21a9, org.springframework.test.context.support.DirtiesContextBeforeModesTestExecutionListener@3defc8e4, org.springframework.boot.test.mock.mockito.MockitoTestExecutionListener@1553b032, org.springframework.boot.test.autoconfigure.SpringBootDependencyInjectionTestExecutionListener@26b85fcf, org.springframework.test.context.support.DirtiesContextTestExecutionListener@659d54d8, org.springframework.test.context.transaction.TransactionalTestExecutionListener@26761867, org.springframework.test.context.jdbc.SqlScriptsTestExecutionListener@2e2ceebb, org.springframework.security.test.context.support.WithSecurityContextTestExecutionListener@4a8e9a96, org.springframework.security.test.context.support.ReactorContextTestExecutionListener@453a3c8b, org.springframework.boot.test.mock.mockito.ResetMocksTestExecutionListener@5319b16b, org.springframework.boot.test.autoconfigure.restdocs.RestDocsTestExecutionListener@1a89d485, org.springframework.boot.test.autoconfigure.web.client.MockRestServiceServerResetTestExecutionListener@24edb768, org.springframework.boot.test.autoconfigure.web.servlet.MockMvcPrintOnlyOnFailureTestExecutionListener@3027191a, org.springframework.boot.test.autoconfigure.web.servlet.WebDriverTestExecutionListener@2e2b749c]
2024-07-15 21:29:25.185  INFO 41714 --- [           main] c.e.controller.ExpenseControllerTest     : User  : User [id=null, username=spring, password=xxxxx, name=Uthkrusta, currency=rs, expenseList=[]]
2024-07-15 21:29:25.185  INFO 41714 --- [           main] c.e.controller.ExpenseControllerTest     : Expense : Expense [id=null,  date=2016-03-01, expenseHead=Taxi, amount=600000.0, currency=dolar, expenseCategory=xyz, isRecurring=1, isSelected=1, details=details, user=]
2024-07-15 21:29:25.185  INFO 41714 --- [           main] c.e.controller.ExpenseControllerTest     : Expense1 : Expense [id=null,  date=2015-01-07, expenseHead=Food, amount=900000.0, currency=rs, expenseCategory=abc, isRecurring=0, isSelected=0, details=detail, user=]
2024-07-15 21:29:25.192  INFO 41714 --- [           main] c.e.controller.ExpenseControllerTest     : User  : User [id=2, username=spring, password=xxxxx, name=Uthkrusta, currency=rs, expenseList=[Expense [id=1,  date=2016-03-01, expenseHead=Taxi, amount=600000.0, currency=dolar, expenseCategory=xyz, isRecurring=1, isSelected=1, details=details, user=], Expense [id=2,  date=2015-01-07, expenseHead=Food, amount=900000.0, currency=rs, expenseCategory=abc, isRecurring=0, isSelected=0, details=detail, user=]]]
2024-07-15 21:29:25.201  INFO 41714 --- [           main] c.expense.controller.ExpenseController   : in deleteExpense: 1
2024-07-15 21:29:25.202  INFO 41714 --- [           main] c.expense.controller.ExpenseController   : expenseId : 1
2024-07-15 21:29:25.202  INFO 41714 --- [           main] c.expense.controller.ExpenseController   : Debug delete
2024-07-15 21:29:25.223  INFO 41714 --- [           main] c.expense.controller.ExpenseController   : count: 0
2024-07-15 21:29:25.224  INFO 41714 --- [           main] c.expense.controller.ExpenseController   : deleted id: 1
2024-07-15 21:29:25.232  INFO 41714 --- [           main] c.expense.controller.ExpenseController   :  processing
2024-07-15 21:29:25.232  INFO 41714 --- [           main] c.expense.service.impl.UserServiceImpl   : principal: org.springframework.security.core.userdetails.User@ca9d020d: Username: spring; Password: [PROTECTED]; Enabled: true; AccountNonExpired: true; credentialsNonExpired: true; AccountNonLocked: true; Granted Authorities: ROLE_USER
2024-07-15 21:29:25.233  INFO 41714 --- [           main] c.expense.service.impl.UserServiceImpl   : current user: spring
2024-07-15 21:29:25.241  INFO 41714 --- [           main] c.expense.service.impl.UserServiceImpl   : returning user: User [id=2, username=spring, password=xxxxx, name=Uthkrusta, currency=rs, expenseList=[Expense [id=1,  date=2016-03-01, expenseHead=Taxi, amount=600000.0, currency=dolar, expenseCategory=xyz, isRecurring=1, isSelected=1, details=details, user=], Expense [id=2,  date=2015-01-07, expenseHead=Food, amount=900000.0, currency=rs, expenseCategory=abc, isRecurring=0, isSelected=0, details=detail, user=]]]
expenseList: 2
2024-07-15 21:29:25.244  INFO 41714 --- [           main] c.expense.controller.ExpenseController   : login successful: [Expense [id=1,  date=2016-03-01, expenseHead=Taxi, amount=600000.0, currency=dolar, expenseCategory=xyz, isRecurring=1, isSelected=1, details=details, user=], Expense [id=2,  date=2015-01-07, expenseHead=Food, amount=900000.0, currency=rs, expenseCategory=abc, isRecurring=0, isSelected=0, details=detail, user=]]

MockHttpServletRequest:
      HTTP Method = POST
      Request URI = /add-user
       Parameters = {name=[Test User], username=[testuser], password=[testuser], _csrf=[1560a5e2-07aa-4cd1-bbaf-b6cc374335dd]}
          Headers = [Content-Type:"application/x-www-form-urlencoded;charset=UTF-8", Accept:"application/x-www-form-urlencoded"]
             Body = null
    Session Attrs = {User=User [id=null, username=null, password=null, name=null, currency=null, expenseList=[]]}

Handler:
             Type = com.expense.controller.UserController
           Method = public java.lang.String com.expense.controller.UserController.submit(com.expense.entity.User,org.springframework.validation.BindingResult,org.springframework.ui.Model)

Async:
    Async started = false
     Async result = null

Resolved Exception:
             Type = null

ModelAndView:
        View name = register.jsp
             View = null
        Attribute = User
            value = User [id=null, username=null, password=null, name=null, currency=null, expenseList=[]]
           errors = []
        Attribute = SuccessText
            value = User is registered successfully.

FlashMap:
       Attributes = null

MockHttpServletResponse:
           Status = 200
    Error message = null
          Headers = [Content-Language:"en", X-Content-Type-Options:"nosniff", X-XSS-Protection:"1; mode=block", Cache-Control:"no-cache, no-store, max-age=0, must-revalidate", Pragma:"no-cache", Expires:"0", X-Frame-Options:"DENY"]
     Content type = null
             Body = 
    Forwarded URL = register.jsp
   Redirected URL = null
          Cookies = []

MockHttpServletRequest:
      HTTP Method = GET
      Request URI = /delete/1
       Parameters = {}
          Headers = []
             Body = null
    Session Attrs = {org.springframework.security.web.csrf.HttpSessionCsrfTokenRepository.CSRF_TOKEN=org.springframework.security.web.csrf.DefaultCsrfToken@6afa2843, org.springframework.web.servlet.support.SessionFlashMapManager.FLASH_MAPS=[FlashMap [attributes={msg=Expense List is deleted successfully.}, targetRequestPath=/expense-list, targetRequestParams={}]], SPRING_SECURITY_CONTEXT=org.springframework.security.core.context.SecurityContextImpl@c609baa6: Authentication: org.springframework.security.authentication.UsernamePasswordAuthenticationToken@c609baa6: Principal: org.springframework.security.core.userdetails.User@ca9d020d: Username: spring; Password: [PROTECTED]; Enabled: true; AccountNonExpired: true; credentialsNonExpired: true; AccountNonLocked: true; Granted Authorities: ROLE_USER; Credentials: [PROTECTED]; Authenticated: true; Details: null; Granted Authorities: ROLE_USER}

Handler:
             Type = com.expense.controller.ExpenseController
           Method = public java.lang.String com.expense.controller.ExpenseController.deleteExpense(java.lang.Long,org.springframework.web.servlet.mvc.support.RedirectAttributes)

Async:
    Async started = false
     Async result = null

Resolved Exception:
             Type = null

ModelAndView:
        View name = redirect:/expense-list
             View = null
            Model = null

FlashMap:
        Attribute = msg
            value = Expense List is deleted successfully.

MockHttpServletResponse:
           Status = 302
    Error message = null
          Headers = [Content-Language:"en", X-Content-Type-Options:"nosniff", X-XSS-Protection:"1; mode=block", Cache-Control:"no-cache, no-store, max-age=0, must-revalidate", Pragma:"no-cache", Expires:"0", X-Frame-Options:"DENY", Location:"/expense-list"]
     Content type = null
             Body = 
    Forwarded URL = null
   Redirected URL = /expense-list
          Cookies = []

MockHttpServletRequest:
      HTTP Method = GET
      Request URI = /expense-list
       Parameters = {}
          Headers = []
             Body = null
    Session Attrs = {org.springframework.security.web.csrf.HttpSessionCsrfTokenRepository.CSRF_TOKEN=org.springframework.security.web.csrf.DefaultCsrfToken@42f2515d, SPRING_SECURITY_CONTEXT=org.springframework.security.core.context.SecurityContextImpl@c609baa6: Authentication: org.springframework.security.authentication.UsernamePasswordAuthenticationToken@c609baa6: Principal: org.springframework.security.core.userdetails.User@ca9d020d: Username: spring; Password: [PROTECTED]; Enabled: true; AccountNonExpired: true; credentialsNonExpired: true; AccountNonLocked: true; Granted Authorities: ROLE_USER; Credentials: [PROTECTED]; Authenticated: true; Details: null; Granted Authorities: ROLE_USER}

Handler:
             Type = com.expense.controller.ExpenseController
           Method = public java.lang.String com.expense.controller.ExpenseController.getExpenseList(org.springframework.ui.Model)

Async:
    Async started = false
     Async result = null

Resolved Exception:
             Type = null

ModelAndView:
        View name = expenseList.jsp
             View = null
        Attribute = user
            value = User [id=2, username=spring, password=xxxxx, name=Uthkrusta, currency=rs, expenseList=[Expense [id=1,  date=2016-03-01, expenseHead=Taxi, amount=600000.0, currency=dolar, expenseCategory=xyz, isRecurring=1, isSelected=1, details=details, user=], Expense [id=2,  date=2015-01-07, expenseHead=Food, amount=900000.0, currency=rs, expenseCategory=abc, isRecurring=0, isSelected=0, details=detail, user=]]]
           errors = []
        Attribute = expeseList
            value = [Expense [id=1,  date=2016-03-01, expenseHead=Taxi, amount=600000.0, currency=dolar, expenseCategory=xyz, isRecurring=1, isSelected=1, details=details, user=], Expense [id=2,  date=2015-01-07, expenseHead=Food, amount=900000.0, currency=rs, expenseCategory=abc, isRecurring=0, isSelected=0, details=detail, user=]]

FlashMap:
       Attributes = null

MockHttpServletResponse:
           Status = 200
    Error message = null
          Headers = [Content-Language:"en", X-Content-Type-Options:"nosniff", X-XSS-Protection:"1; mode=block", Cache-Control:"no-cache, no-store, max-age=0, must-revalidate", Pragma:"no-cache", Expires:"0", X-Frame-Options:"DENY"]
     Content type = null
             Body = 
    Forwarded URL = expenseList.jsp
   Redirected URL = null
          Cookies = []
]]></system-out>
  </testcase>
  <testcase name="testGetExpense" classname="com.expense.controller.ExpenseControllerTest" time="0.052"/>
</testsuite>